{"QueryId": "", "Plan": {"Node Type": "MergeJoin","Node Type ID": "180","Relation IDs": "ct mc","Join Cond": "ct.id = mc.company_type_id","Path Target": "mc.note, mc.movie_id","Startup Cost": 65730.121166,"Total Cost": 65865.813666,"Plan Rows": 4523.000000,"Plan Width": 28, "Sort Outer": 1,"Sort Inner": 1,"Materialize Inner": 0, "Plans": [{"Node Type": "SeqScan","Node Type ID": "169","Relation IDs": "ct","Base Restrict Info": "((ct.kind)::text = 'production companies'::text)","Path Target": "ct.id","Startup Cost": 0.000000,"Total Cost": 1.050000,"Plan Rows": 1.000000,"Plan Width": 4}, {"Node Type": "SeqScan","Node Type ID": "169","Relation IDs": "mc","Base Restrict Info": "((mc.note)::text !~~ '%(as Metro-Goldwyn-Mayer Pictures)%'::text), (((mc.note)::text ~~ '%(co-production)%'::text) OR ((mc.note)::text ~~ '%(presents)%'::text))","Path Target": "mc.note, mc.company_type_id, mc.movie_id","Startup Cost": 0.000000,"Total Cost": 64449.757500,"Plan Rows": 18091.000000,"Plan Width": 32}]}}